[0526/232859.331:ERROR:process_reader_win.cc(123)] NtOpenThread: {Отказано в доступе} Процесс запросил доступ к объекту, но права на доступ не предоставлены. (0xc0000022)
[0526/232859.347:ERROR:exception_snapshot_win.cc(98)] thread ID 7692 not found in process
[0526/232859.378:ERROR:process_reader_win.cc(151)] SuspendThread: Отказано в доступе. (0x5)
[0526/232859.378:ERROR:process_reader_win.cc(151)] SuspendThread: Отказано в доступе. (0x5)
[0526/232859.378:ERROR:process_reader_win.cc(151)] SuspendThread: Отказано в доступе. (0x5)
[0526/232859.378:ERROR:process_reader_win.cc(151)] SuspendThread: Отказано в доступе. (0x5)
[0526/232859.378:ERROR:process_reader_win.cc(151)] SuspendThread: Отказано в доступе. (0x5)
[0526/232859.378:ERROR:process_reader_win.cc(151)] SuspendThread: Отказано в доступе. (0x5)
[0526/232859.378:ERROR:process_reader_win.cc(151)] SuspendThread: Отказано в доступе. (0x5)
[0526/232859.378:ERROR:process_reader_win.cc(151)] SuspendThread: Отказано в доступе. (0x5)
[0526/232859.378:ERROR:process_reader_win.cc(151)] SuspendThread: Отказано в доступе. (0x5)
[0526/232859.378:ERROR:process_reader_win.cc(151)] SuspendThread: Отказано в доступе. (0x5)
[0526/232859.378:ERROR:process_reader_win.cc(151)] SuspendThread: Отказано в доступе. (0x5)
[0526/232859.378:ERROR:process_reader_win.cc(123)] NtOpenThread: {Отказано в доступе} Процесс запросил доступ к объекту, но права на доступ не предоставлены. (0xc0000022)
[0526/232859.378:ERROR:exception_snapshot_win.cc(98)] thread ID 8180 not found in process
[0616/012513.521:ERROR:file_io.cc(89)] ReadExactly: expected 36, observed 0
[0620/150117.133:ERROR:process_info.cc(359)] UncheckedAllocate
[0624/231212.598:ERROR:file_io.cc(89)] ReadExactly: expected 36, observed 0
[0627/011629.525:ERROR:process_info.cc(359)] UncheckedAllocate
[0627/011629.558:ERROR:process_info.cc(359)] UncheckedAllocate
[0825/232057.466:ERROR:process_reader_win.cc(151)] SuspendThread: Отказано в доступе. (0x5)
[0825/232057.482:ERROR:process_reader_win.cc(151)] SuspendThread: Отказано в доступе. (0x5)
[0825/232057.482:ERROR:process_reader_win.cc(123)] NtOpenThread: {Отказано в доступе} Процесс запросил доступ к объекту, но права на доступ не предоставлены. (0xc0000022)
[0825/232057.482:ERROR:exception_snapshot_win.cc(98)] thread ID 1452 not found in process
[0825/232057.841:ERROR:process_reader_win.cc(151)] SuspendThread: Отказано в доступе. (0x5)
[0825/232057.841:ERROR:process_reader_win.cc(151)] SuspendThread: Отказано в доступе. (0x5)
[0825/232057.841:ERROR:process_reader_win.cc(151)] SuspendThread: Отказано в доступе. (0x5)
[0825/232057.841:ERROR:process_reader_win.cc(151)] SuspendThread: Отказано в доступе. (0x5)
[0825/232057.841:ERROR:process_reader_win.cc(151)] SuspendThread: Отказано в доступе. (0x5)
[0825/232057.841:ERROR:process_reader_win.cc(151)] SuspendThread: Отказано в доступе. (0x5)
[0825/232057.841:ERROR:process_reader_win.cc(151)] SuspendThread: Отказано в доступе. (0x5)
[0825/232057.841:ERROR:process_reader_win.cc(151)] SuspendThread: Отказано в доступе. (0x5)
[0825/232057.841:ERROR:process_reader_win.cc(151)] SuspendThread: Отказано в доступе. (0x5)
[0825/232057.841:ERROR:process_reader_win.cc(151)] SuspendThread: Отказано в доступе. (0x5)
[0825/232057.841:ERROR:process_reader_win.cc(151)] SuspendThread: Отказано в доступе. (0x5)
[0825/232057.841:ERROR:process_reader_win.cc(151)] SuspendThread: Отказано в доступе. (0x5)
[0825/232057.841:ERROR:process_reader_win.cc(123)] NtOpenThread: {Отказано в доступе} Процесс запросил доступ к объекту, но права на доступ не предоставлены. (0xc0000022)
[0825/232057.841:ERROR:exception_snapshot_win.cc(98)] thread ID 3964 not found in process
[0825/232057.872:ERROR:process_reader_win.cc(151)] SuspendThread: Отказано в доступе. (0x5)
[0825/232057.872:ERROR:process_reader_win.cc(151)] SuspendThread: Отказано в доступе. (0x5)
[0825/232057.872:ERROR:process_reader_win.cc(151)] SuspendThread: Отказано в доступе. (0x5)
[0825/232057.872:ERROR:process_reader_win.cc(151)] SuspendThread: Отказано в доступе. (0x5)
[0825/232057.872:ERROR:process_reader_win.cc(151)] SuspendThread: Отказано в доступе. (0x5)
[0825/232057.872:ERROR:process_reader_win.cc(151)] SuspendThread: Отказано в доступе. (0x5)
[0825/232057.872:ERROR:process_reader_win.cc(151)] SuspendThread: Отказано в доступе. (0x5)
[0825/232057.872:ERROR:process_reader_win.cc(151)] SuspendThread: Отказано в доступе. (0x5)
[0825/232057.872:ERROR:process_reader_win.cc(151)] SuspendThread: Отказано в доступе. (0x5)
[0825/232057.872:ERROR:process_reader_win.cc(151)] SuspendThread: Отказано в доступе. (0x5)
[0825/232057.872:ERROR:process_reader_win.cc(151)] SuspendThread: Отказано в доступе. (0x5)
[0825/232057.872:ERROR:process_reader_win.cc(151)] SuspendThread: Отказано в доступе. (0x5)
[0825/232057.872:ERROR:process_reader_win.cc(151)] SuspendThread: Отказано в доступе. (0x5)
[0825/232057.872:ERROR:process_reader_win.cc(151)] SuspendThread: Отказано в доступе. (0x5)
[0825/232057.872:ERROR:process_reader_win.cc(151)] SuspendThread: Отказано в доступе. (0x5)
[0825/232057.872:ERROR:process_reader_win.cc(151)] SuspendThread: Отказано в доступе. (0x5)
[0825/232057.872:ERROR:process_reader_win.cc(151)] SuspendThread: Отказано в доступе. (0x5)
[0825/232057.872:ERROR:process_reader_win.cc(123)] NtOpenThread: {Отказано в доступе} Процесс запросил доступ к объекту, но права на доступ не предоставлены. (0xc0000022)
[0825/232057.872:ERROR:exception_snapshot_win.cc(98)] thread ID 4380 not found in process
[0825/232057.919:ERROR:process_reader_win.cc(151)] SuspendThread: Отказано в доступе. (0x5)
[0825/232057.919:ERROR:process_reader_win.cc(151)] SuspendThread: Отказано в доступе. (0x5)
[0825/232057.919:ERROR:process_reader_win.cc(151)] SuspendThread: Отказано в доступе. (0x5)
[0825/232057.919:ERROR:process_reader_win.cc(151)] SuspendThread: Отказано в доступе. (0x5)
[0825/232057.919:ERROR:process_reader_win.cc(151)] SuspendThread: Отказано в доступе. (0x5)
[0825/232057.919:ERROR:process_reader_win.cc(151)] SuspendThread: Отказано в доступе. (0x5)
[0825/232057.919:ERROR:process_reader_win.cc(151)] SuspendThread: Отказано в доступе. (0x5)
[0825/232057.919:ERROR:process_reader_win.cc(151)] SuspendThread: Отказано в доступе. (0x5)
[0825/232057.919:ERROR:process_reader_win.cc(151)] SuspendThread: Отказано в доступе. (0x5)
[0825/232057.919:ERROR:process_reader_win.cc(151)] SuspendThread: Отказано в доступе. (0x5)
[0825/232057.919:ERROR:process_reader_win.cc(151)] SuspendThread: Отказано в доступе. (0x5)
[0825/232057.919:ERROR:process_reader_win.cc(151)] SuspendThread: Отказано в доступе. (0x5)
[0825/232057.919:ERROR:process_reader_win.cc(151)] SuspendThread: Отказано в доступе. (0x5)
[0825/232057.919:ERROR:process_reader_win.cc(151)] SuspendThread: Отказано в доступе. (0x5)
[0825/232057.919:ERROR:process_reader_win.cc(123)] NtOpenThread: {Отказано в доступе} Процесс запросил доступ к объекту, но права на доступ не предоставлены. (0xc0000022)
[0825/232057.919:ERROR:exception_snapshot_win.cc(98)] thread ID 7172 not found in process
[0826/160104.487:ERROR:process_reader_win.cc(151)] SuspendThread: Отказано в доступе. (0x5)
[0826/160104.516:ERROR:exception_snapshot_win.cc(98)] thread ID 7980 not found in process
[0826/173830.019:ERROR:process_info.cc(359)] UncheckedAllocate
[0906/235937.394:ERROR:file_io.cc(90)] ReadExactly: expected 36, observed 0
[1112/003805.985:ERROR:directory_reader_win.cc(43)] FindFirstFile: Системе не удается найти указанный путь. (0x3)
[1112/225305.863:ERROR:directory_reader_win.cc(43)] FindFirstFile: Системе не удается найти указанный путь. (0x3)
[1114/233942.815:ERROR:directory_reader_win.cc(43)] FindFirstFile: Системе не удается найти указанный путь. (0x3)
